{"level":"info","msg":"Database initialized successfully","time":"2025-05-01T16:35:02+05:30"}
{"level":"info","msg":"Starting API server on port 8080","time":"2025-05-01T16:35:02+05:30"}




{"level":"info","method":"POST","msg":"Received API request","path":"/api/secrets","remote":"[::1]:60248","time":"2025-05-01T16:35:09+05:30"}
{"level":"debug","msg":"Parsing JWT","path":"/api/secrets","time":"2025-05-01T16:35:09+05:30","token_prefix":"eyJhbGciOi..."}
{"level":"debug","msg":"after parsing ","time":"2025-05-01T16:35:09+05:30","tokens":{"Raw":"eyJhbGciOiJIUzI1NiIsInR5cCI6IkpXVCJ9.eyJ1c2VyX2lkIjoxLCJ1c2VybmFtZSI6InNkMiIsInJvbGUiOiJTZWNyZXRzTWFuYWdlciIsImV4cCI6MTc0NjE4MDc0NywiaWF0IjoxNzQ2MDk0MzQ3fQ.735MTClpLVhVrbf8NpE3iYKpjGq4BuPg1_iNS-1xnU4","Method":{"Name":"HS256","Hash":5},"Header":{"alg":"HS256","typ":"JWT"},"Claims":{"user_id":1,"username":"sd2","role":"SecretsManager","exp":1746180747,"iat":1746094347},"Signature":"735MTClpLVhVrbf8NpE3iYKpjGq4BuPg1/iNS+1xnU4=","Valid":true}}
{"level":"debug","msg":"JWT validated","role":"SecretsManager","time":"2025-05-01T16:35:09+05:30","user_id":1,"username":"sd2"}
{"level":"info","msg":"Secret created","name":"BASE_URL","time":"2025-05-01T16:35:09+05:30","user_id":1,"version":5}
{"level":"info","msg":"Secret created for user: sd2","time":"2025-05-01T16:35:09+05:30"}
{"level":"error","msg":"Failed to execute command: accepts 1 arg(s), received 0","time":"2025-05-01T16:35:49+05:30"}
{"body":"404 page not found\n","level":"warning","msg":"API request failed","status":404,"time":"2025-05-01T16:36:00+05:30"}
{"level":"error","msg":"Failed to get secret: unexpected status code: 404","time":"2025-05-01T16:36:00+05:30"}




{"body":"404 page not found\n","level":"warning","msg":"API request failed","status":404,"time":"2025-05-01T16:36:10+05:30"}
{"level":"error","msg":"Failed to get secret: unexpected status code: 404","time":"2025-05-01T16:36:10+05:30"}
{"level":"info","method":"GET","msg":"Received API request","path":"/api/secrets","remote":"[::1]:43408","time":"2025-05-01T16:41:41+05:30"}
{"level":"debug","msg":"Parsing JWT","path":"/api/secrets","time":"2025-05-01T16:41:41+05:30","token_prefix":"eyJhbGciOi..."}
{"level":"debug","msg":"after parsing ","time":"2025-05-01T16:41:41+05:30","tokens":{"Raw":"eyJhbGciOiJIUzI1NiIsInR5cCI6IkpXVCJ9.eyJ1c2VyX2lkIjoxLCJ1c2VybmFtZSI6InNkMiIsInJvbGUiOiJTZWNyZXRzTWFuYWdlciIsImV4cCI6MTc0NjE4MDc0NywiaWF0IjoxNzQ2MDk0MzQ3fQ.735MTClpLVhVrbf8NpE3iYKpjGq4BuPg1_iNS-1xnU4","Method":{"Name":"HS256","Hash":5},"Header":{"alg":"HS256","typ":"JWT"},"Claims":{"user_id":1,"username":"sd2","role":"SecretsManager","exp":1746180747,"iat":1746094347},"Signature":"735MTClpLVhVrbf8NpE3iYKpjGq4BuPg1/iNS+1xnU4=","Valid":true}}
{"level":"debug","msg":"JWT validated","role":"SecretsManager","time":"2025-05-01T16:41:41+05:30","user_id":1,"username":"sd2"}
{"count":5,"level":"info","msg":"Secrets listed","time":"2025-05-01T16:41:41+05:30","username":"sd2"}
{"level":"info","method":"GET","msg":"Received API request","path":"/api/secrets/export","remote":"[::1]:58668","time":"2025-05-01T16:42:21+05:30"}
{"level":"debug","msg":"Parsing JWT","path":"/api/secrets/export","time":"2025-05-01T16:42:21+05:30","token_prefix":"eyJhbGciOi..."}
{"level":"debug","msg":"after parsing ","time":"2025-05-01T16:42:21+05:30","tokens":{"Raw":"eyJhbGciOiJIUzI1NiIsInR5cCI6IkpXVCJ9.eyJ1c2VyX2lkIjoxLCJ1c2VybmFtZSI6InNkMiIsInJvbGUiOiJTZWNyZXRzTWFuYWdlciIsImV4cCI6MTc0NjE4MDc0NywiaWF0IjoxNzQ2MDk0MzQ3fQ.735MTClpLVhVrbf8NpE3iYKpjGq4BuPg1_iNS-1xnU4","Method":{"Name":"HS256","Hash":5},"Header":{"alg":"HS256","typ":"JWT"},"Claims":{"user_id":1,"username":"sd2","role":"SecretsManager","exp":1746180747,"iat":1746094347},"Signature":"735MTClpLVhVrbf8NpE3iYKpjGq4BuPg1/iNS+1xnU4=","Valid":true}}
{"level":"debug","msg":"JWT validated","role":"SecretsManager","time":"2025-05-01T16:42:21+05:30","user_id":1,"username":"sd2"}
{"count":5,"level":"info","msg":"Secrets exported","time":"2025-05-01T16:42:21+05:30","user_id":1}
{"level":"info","msg":"Secrets exported for user: sd2","time":"2025-05-01T16:42:21+05:30"}
{"level":"info","method":"GET","msg":"Received API request","path":"/api/secrets","remote":"[::1]:53174","time":"2025-05-02T00:09:58+05:30"}
{"level":"debug","msg":"Parsing JWT","path":"/api/secrets","time":"2025-05-02T00:09:58+05:30","token_prefix":"eyJhbGciOi..."}
{"level":"debug","msg":"after parsing ","time":"2025-05-02T00:09:58+05:30","tokens":{"Raw":"eyJhbGciOiJIUzI1NiIsInR5cCI6IkpXVCJ9.eyJ1c2VyX2lkIjoxLCJ1c2VybmFtZSI6InNkMiIsInJvbGUiOiJTZWNyZXRzTWFuYWdlciIsImV4cCI6MTc0NjE4MDc0NywiaWF0IjoxNzQ2MDk0MzQ3fQ.735MTClpLVhVrbf8NpE3iYKpjGq4BuPg1_iNS-1xnU4","Method":{"Name":"HS256","Hash":5},"Header":{"alg":"HS256","typ":"JWT"},"Claims":{"user_id":1,"username":"sd2","role":"SecretsManager","exp":1746180747,"iat":1746094347},"Signature":"735MTClpLVhVrbf8NpE3iYKpjGq4BuPg1/iNS+1xnU4=","Valid":true}}
{"level":"debug","msg":"JWT validated","role":"SecretsManager","time":"2025-05-02T00:09:58+05:30","user_id":1,"username":"sd2"}
{"count":5,"level":"info","msg":"Secrets listed","time":"2025-05-02T00:09:58+05:30","username":"sd2"}
{"level":"error","msg":"Failed to execute command: unknown command \"secreat\" for \"password-manager\"\n\nDid you mean this?\n\tsecrets\n","time":"2025-05-02T00:10:14+05:30"}
{"level":"error","msg":"Failed to execute command: accepts 1 arg(s), received 0","time":"2025-05-02T00:10:22+05:30"}
{"body":"404 page not found\n","level":"warning","msg":"API request failed","status":404,"time":"2025-05-02T00:10:49+05:30"}
{"level":"error","msg":"Failed to get secret: unexpected status code: 404","time":"2025-05-02T00:10:49+05:30"}






{"body":"404 page not found\n","level":"warning","msg":"API request failed","status":404,"time":"2025-05-02T00:11:20+05:30"}
{"level":"error","msg":"Failed to get secret: unexpected status code: 404","time":"2025-05-02T00:11:20+05:30"}
{"level":"info","msg":"Database initialized successfully","time":"2025-05-02T00:14:14+05:30"}
{"level":"info","msg":"Starting API server on port 8080","time":"2025-05-02T00:14:14+05:30"}
{"body":"404 page not found\n","level":"warning","msg":"API request failed","status":404,"time":"2025-05-02T00:14:17+05:30"}
{"level":"error","msg":"Failed to get secret: unexpected status code: 404","time":"2025-05-02T00:14:17+05:30"}
{"level":"info","msg":"Database initialized successfully","time":"2025-05-02T00:16:44+05:30"}
{"level":"info","msg":"Starting API server on port 8080","time":"2025-05-02T00:16:44+05:30"}
{"api_url":"http://localhost:8080/secrets/BASE_URL","level":"debug","msg":"Retrieving secret","time":"2025-05-02T00:16:51+05:30"}
{"body":"404 page not found\n","level":"warning","msg":"API request failed","status":404,"time":"2025-05-02T00:16:51+05:30"}
{"level":"error","msg":"Failed to get secret: unexpected status code: 404","time":"2025-05-02T00:16:51+05:30"}
{"level":"info","msg":"Database initialized successfully","time":"2025-05-02T00:17:39+05:30"}
{"level":"info","msg":"Starting API server on port 8080","time":"2025-05-02T00:17:39+05:30"}





{"api_url":"http://localhost:8080/secrets","level":"debug","msg":"Retrieving secret","time":"2025-05-02T00:17:46+05:30"}
{"body":"404 page not found\n","level":"warning","msg":"API request failed","status":404,"time":"2025-05-02T00:17:46+05:30"}
{"level":"error","msg":"Failed to get secret: unexpected status code: 404","time":"2025-05-02T00:17:46+05:30"}
{"level":"info","msg":"Database initialized successfully","time":"2025-05-02T00:18:10+05:30"}
{"level":"info","msg":"Starting API server on port 8080","time":"2025-05-02T00:18:10+05:30"}
{"api_url":"http://localhost:8080/api/secrets","level":"debug","msg":"Retrieving secret","time":"2025-05-02T00:18:13+05:30"}
{"body":"404 page not found\n","level":"warning","msg":"API request failed","status":404,"time":"2025-05-02T00:18:13+05:30"}
{"level":"error","msg":"Failed to get secret: unexpected status code: 404","time":"2025-05-02T00:18:13+05:30"}
{"level":"info","method":"GET","msg":"Received API request","path":"/api/secrets","remote":"[::1]:53998","time":"2025-05-02T00:19:19+05:30"}
{"level":"debug","msg":"Parsing JWT","path":"/api/secrets","time":"2025-05-02T00:19:19+05:30","token_prefix":"eyJhbGciOi..."}
{"level":"debug","msg":"after parsing ","time":"2025-05-02T00:19:19+05:30","tokens":{"Raw":"eyJhbGciOiJIUzI1NiIsInR5cCI6IkpXVCJ9.eyJ1c2VyX2lkIjoxLCJ1c2VybmFtZSI6InNkMiIsInJvbGUiOiJTZWNyZXRzTWFuYWdlciIsImV4cCI6MTc0NjE4MDc0NywiaWF0IjoxNzQ2MDk0MzQ3fQ.735MTClpLVhVrbf8NpE3iYKpjGq4BuPg1_iNS-1xnU4","Method":{"Name":"HS256","Hash":5},"Header":{"alg":"HS256","typ":"JWT"},"Claims":{"user_id":1,"username":"sd2","role":"SecretsManager","exp":1746180747,"iat":1746094347},"Signature":"735MTClpLVhVrbf8NpE3iYKpjGq4BuPg1/iNS+1xnU4=","Valid":true}}
{"level":"debug","msg":"JWT validated","role":"SecretsManager","time":"2025-05-02T00:19:19+05:30","user_id":1,"username":"sd2"}
{"count":5,"level":"info","msg":"Secrets listed","time":"2025-05-02T00:19:19+05:30","username":"sd2"}
{"level":"info","msg":"Database initialized successfully","time":"2025-05-02T00:21:01+05:30"}
{"level":"info","msg":"Starting API server on port 8080","time":"2025-05-02T00:21:01+05:30"}
{"api_url":"http://localhost:8080/api/secrets","level":"debug","msg":"Retrieving secret","time":"2025-05-02T00:21:05+05:30"}
{"level":"info","method":"GET","msg":"Received API request","path":"/api/secrets","remote":"127.0.0.1:44436","time":"2025-05-02T00:21:05+05:30"}
{"level":"debug","msg":"Parsing JWT","path":"/api/secrets","time":"2025-05-02T00:21:05+05:30","token_prefix":"eyJhbGciOi..."}
{"level":"debug","msg":"after parsing ","time":"2025-05-02T00:21:05+05:30","tokens":{"Raw":"eyJhbGciOiJIUzI1NiIsInR5cCI6IkpXVCJ9.eyJ1c2VyX2lkIjoxLCJ1c2VybmFtZSI6InNkMiIsInJvbGUiOiJTZWNyZXRzTWFuYWdlciIsImV4cCI6MTc0NjE4MDc0NywiaWF0IjoxNzQ2MDk0MzQ3fQ.735MTClpLVhVrbf8NpE3iYKpjGq4BuPg1_iNS-1xnU4","Method":{"Name":"HS256","Hash":5},"Header":{"alg":"HS256","typ":"JWT"},"Claims":{"user_id":1,"username":"sd2","role":"SecretsManager","exp":1746180747,"iat":1746094347},"Signature":"735MTClpLVhVrbf8NpE3iYKpjGq4BuPg1/iNS+1xnU4=","Valid":true}}
{"level":"debug","msg":"JWT validated","role":"SecretsManager","time":"2025-05-02T00:21:05+05:30","user_id":1,"username":"sd2"}
{"count":5,"level":"info","msg":"Secrets listed","time":"2025-05-02T00:21:05+05:30","username":"sd2"}
{"level":"error","msg":"Failed to get secret: failed to parse response: json: cannot unmarshal array into Go value of type struct { Name string \"json:\\\"name\\\"\"; Value string \"json:\\\"value\\\"\"; Version int \"json:\\\"version\\\"\" }","time":"2025-05-02T00:21:05+05:30"}
